<?xml version="1.0" encoding="UTF-8"?><testrun name="HotelTest.when_SuccessfullyAddedWeekdayAndWeekendRatesForSpecialCustomers_shouldReturnTrue" project="hotelReservationSystem" tests="1" started="1" failures="0" errors="1" ignored="0">
  <testcase name="initializationError" classname="org.junit.runner.manipulation.Filter" time="0.038">
    <error>java.lang.Exception: No tests found matching [{ExactMatcher:fDisplayName=when_SuccessfullyAddedWeekdayAndWeekendRatesForSpecialCustomers_shouldReturnTrue], {ExactMatcher:fDisplayName=when_SuccessfullyAddedWeekdayAndWeekendRatesForSpecialCustomers_shouldReturnTrue(com.hotelReservationSystem.HotelTest)], {LeadingIdentifierMatcher:fClassName=com.hotelReservationSystem.HotelTest,fLeadingIdentifier=when_SuccessfullyAddedWeekdayAndWeekendRatesForSpecialCustomers_shouldReturnTrue]] from org.junit.internal.requests.ClassRequest@520a3426&#13;
	at org.junit.internal.requests.FilterRequest.getRunner(FilterRequest.java:35)&#13;
	at org.eclipse.jdt.internal.junit4.runner.JUnit4TestLoader.createFilteredTest(JUnit4TestLoader.java:83)&#13;
	at org.eclipse.jdt.internal.junit4.runner.JUnit4TestLoader.createTest(JUnit4TestLoader.java:74)&#13;
	at org.eclipse.jdt.internal.junit4.runner.JUnit4TestLoader.loadTests(JUnit4TestLoader.java:49)&#13;
	at org.eclipse.jdt.internal.junit.runner.RemoteTestRunner.runTests(RemoteTestRunner.java:526)&#13;
	at org.eclipse.jdt.internal.junit.runner.RemoteTestRunner.runTests(RemoteTestRunner.java:770)&#13;
	at org.eclipse.jdt.internal.junit.runner.RemoteTestRunner.run(RemoteTestRunner.java:464)&#13;
	at org.eclipse.jdt.internal.junit.runner.RemoteTestRunner.main(RemoteTestRunner.java:210)&#13;
&#13;
</error>
  </testcase>
</testrun>
